<?xml version="1.0" encoding="UTF-8"?>
<!-- Generated by org.testng.reporters.JUnitXMLReporter -->
<testsuite ignored="0" hostname="LAPTOP-0NT22F0F" failures="3" tests="5" name="FreeCRM Application Test Automation Test Cases" time="27.714" errors="0" timestamp="2022-08-10T01:01:51 BST">
  <testcase classname="com.crm.qa.testcases.BaseUrlTest" name="T01_clickLoginTest" time="2.558"/>
  <testcase classname="com.crm.qa.testcases.BaseUrlTest" name="T02_BaseUrlPageLogoTest" time="0.034">
    <failure type="java.lang.AssertionError" message="expected [true] but found [false]">
      <![CDATA[java.lang.AssertionError: expected [true] but found [false]
at com.crm.qa.testcases.BaseUrlTest.T02_BaseUrlPageLogoTest(BaseUrlTest.java:58)
at java.base/java.util.ArrayList.forEach(ArrayList.java:1511)
... Removed 31 stack frames]]>
    </failure>
  </testcase> <!-- T02_BaseUrlPageLogoTest -->
  <testcase classname="com.crm.qa.testcases.BaseUrlTest" name="T03_BaseUrlTittletest" time="0.005">
    <failure type="java.lang.AssertionError" message="expected [#1 Free CRM customer relationship management software] but found [#1 Free CRM customer relationship management software cloud]">
      <![CDATA[java.lang.AssertionError: expected [#1 Free CRM customer relationship management software] but found [#1 Free CRM customer relationship management software cloud]
at com.crm.qa.testcases.BaseUrlTest.T03_BaseUrlTittletest(BaseUrlTest.java:48)
at java.base/java.util.ArrayList.forEach(ArrayList.java:1511)
... Removed 33 stack frames]]>
    </failure>
  </testcase> <!-- T03_BaseUrlTittletest -->
  <testcase classname="com.crm.qa.testcases.LoginPageTest" name="T04_LoginPageTittleTest" time="0.015">
    <failure type="java.lang.AssertionError" message="expected [Cogmento CRMasd] but found [Cogmento CRM]">
      <![CDATA[java.lang.AssertionError: expected [Cogmento CRMasd] but found [Cogmento CRM]
at com.crm.qa.testcases.LoginPageTest.T04_LoginPageTittleTest(LoginPageTest.java:40)
at java.base/java.util.ArrayList.forEach(ArrayList.java:1511)
... Removed 33 stack frames]]>
    </failure>
  </testcase> <!-- T04_LoginPageTittleTest -->
  <testcase classname="com.crm.qa.testcases.LoginPageTest" name="T05_LoginTest" time="4.334"/>
</testsuite> <!-- FreeCRM Application Test Automation Test Cases -->
