<!DOCTYPE html PUBLIC "-//W3C//DTD XHTML 1.1//EN" "https://www.w3.org/TR/xhtml11/DTD/xhtml11.dtd">
<html xmlns="https://www.w3.org/1999/xhtml">
<head>
<meta http-equiv="content-type" content="text/html; charset=UTF-8"/>
<title>TestNG Report</title>
<style type="text/css">table {margin-bottom:10px;border-collapse:collapse;empty-cells:show}th,td {border:1px solid #009;padding:.25em .5em}th {vertical-align:bottom}td {vertical-align:top}table a {font-weight:bold}.stripe td {background-color: #E6EBF9}.num {text-align:right}.passedodd td {background-color: #3F3}.passedeven td {background-color: #0A0}.skippedodd td {background-color: #DDD}.skippedeven td {background-color: #CCC}.failedodd td,.attn {background-color: #F33}.failedeven td,.stripe .attn {background-color: #D00}.stacktrace {white-space:pre;font-family:monospace}.totop {font-size:85%;text-align:center;border-bottom:2px solid #000}.invisible {display:none}</style>
</head>
<body>
<table>
<tr><th>Test</th><th># Passed</th><th># Skipped</th><th># Retried</th><th># Failed</th><th>Time (ms)</th><th>Included Groups</th><th>Excluded Groups</th></tr>
<tr><th colspan="8">FreeCRM Application Test Automation Suite</th></tr>
<tr><td><a href="#t0">FreeCRM Application Test Automation Test Cases</a></td><td class="num">2</td><td class="num">0</td><td class="num">0</td><td class="num attn">3</td><td class="num">27,714</td><td></td><td></td></tr>
</table>
<table id='summary'><thead><tr><th>Class</th><th>Method</th><th>Start</th><th>Time (ms)</th></tr></thead><tbody><tr><th colspan="4">FreeCRM Application Test Automation Suite</th></tr></tbody><tbody id="t0"><tr><th colspan="4">FreeCRM Application Test Automation Test Cases &#8212; failed</th></tr><tr class="failedeven"><td rowspan="2">com.crm.qa.testcases.BaseUrlTest</td><td><a href="#m0">T02_BaseUrlPageLogoTest</a></td><td rowspan="1">1660089691274</td><td rowspan="1">34</td></tr><tr class="failedeven"><td><a href="#m1">T03_BaseUrlTittletest</a></td><td rowspan="1">1660089693746</td><td rowspan="1">5</td></tr><tr class="failedodd"><td rowspan="1">com.crm.qa.testcases.LoginPageTest</td><td><a href="#m2">T04_LoginPageTittleTest</a></td><td rowspan="1">1660089699022</td><td rowspan="1">15</td></tr><tr><th colspan="4">FreeCRM Application Test Automation Test Cases &#8212; passed</th></tr><tr class="passedeven"><td rowspan="1">com.crm.qa.testcases.BaseUrlTest</td><td><a href="#m3">T01_clickLoginTest</a></td><td rowspan="1">1660089686383</td><td rowspan="1">2558</td></tr><tr class="passedodd"><td rowspan="1">com.crm.qa.testcases.LoginPageTest</td><td><a href="#m4">T05_LoginTest</a></td><td rowspan="1">1660089706568</td><td rowspan="1">4334</td></tr></tbody>
</table>
<h2>FreeCRM Application Test Automation Test Cases</h2><h3 id="m0">com.crm.qa.testcases.BaseUrlTest#T02_BaseUrlPageLogoTest</h3><table class="result"><tr><th>Exception</th></tr><tr><td><div class="stacktrace">java.lang.AssertionError: expected [true] but found [false]
	at com.crm.qa.testcases.BaseUrlTest.T02_BaseUrlPageLogoTest(BaseUrlTest.java:58)
	at java.base/java.util.ArrayList.forEach(ArrayList.java:1511)
... Removed 31 stack frames</div></td></tr></table><p class="totop"><a href="#summary">back to summary</a></p>
<h3 id="m1">com.crm.qa.testcases.BaseUrlTest#T03_BaseUrlTittletest</h3><table class="result"><tr><th>Exception</th></tr><tr><td><div class="stacktrace">java.lang.AssertionError: expected [#1 Free CRM customer relationship management software] but found [#1 Free CRM customer relationship management software cloud]
	at com.crm.qa.testcases.BaseUrlTest.T03_BaseUrlTittletest(BaseUrlTest.java:48)
	at java.base/java.util.ArrayList.forEach(ArrayList.java:1511)
... Removed 33 stack frames</div></td></tr></table><p class="totop"><a href="#summary">back to summary</a></p>
<h3 id="m2">com.crm.qa.testcases.LoginPageTest#T04_LoginPageTittleTest</h3><table class="result"><tr><th>Exception</th></tr><tr><td><div class="stacktrace">java.lang.AssertionError: expected [Cogmento CRMasd] but found [Cogmento CRM]
	at com.crm.qa.testcases.LoginPageTest.T04_LoginPageTittleTest(LoginPageTest.java:40)
	at java.base/java.util.ArrayList.forEach(ArrayList.java:1511)
... Removed 33 stack frames</div></td></tr></table><p class="totop"><a href="#summary">back to summary</a></p>
<h3 id="m3">com.crm.qa.testcases.BaseUrlTest#T01_clickLoginTest</h3><table class="result"><tr><th class="invisible"/></tr></table><p class="totop"><a href="#summary">back to summary</a></p>
<h3 id="m4">com.crm.qa.testcases.LoginPageTest#T05_LoginTest</h3><table class="result"><tr><th class="invisible"/></tr></table><p class="totop"><a href="#summary">back to summary</a></p>
</body>
</html>
